Building DAG of jobs...
Using shell: /bin/bash
Provided cores: 1 (use --cores to define parallelism)
Rules claiming more threads will be scaled down.
Job stats:
job              count    min threads    max threads
-------------  -------  -------------  -------------
all                  1              1              1
produceA             1              1              1
produceBFromA        1              1              1
total                3              1              1

Select jobs to execute...

[Fri Sep 17 08:44:49 2021]
rule produceA:
    output: ../results/simple/A.txt
    jobid: 2
    resources: tmpdir=/var/folders/9n/xdj7z1gd3ps96j4nqzgkfd1h0000gq/T

[Fri Sep 17 08:44:49 2021]
Finished job 2.
1 of 3 steps (33%) done
Select jobs to execute...

[Fri Sep 17 08:44:49 2021]
rule produceBFromA:
    input: ../results/simple/A.txt
    output: ../results/simple/B.txt
    jobid: 1
    resources: tmpdir=/var/folders/9n/xdj7z1gd3ps96j4nqzgkfd1h0000gq/T

[Fri Sep 17 08:44:49 2021]
Finished job 1.
2 of 3 steps (67%) done
Select jobs to execute...

[Fri Sep 17 08:44:49 2021]
localrule all:
    input: ../results/simple/B.txt
    jobid: 0
    resources: tmpdir=/var/folders/9n/xdj7z1gd3ps96j4nqzgkfd1h0000gq/T

[Fri Sep 17 08:44:49 2021]
Finished job 0.
3 of 3 steps (100%) done
Complete log: /Users/pletzera/snakemake_examples/simple/workflow/.snakemake/log/2021-09-17T084449.531242.snakemake.log
