Building DAG of jobs...
Using shell: /bin/bash
Provided cores: 1 (use --cores to define parallelism)
Rules claiming more threads will be scaled down.
Job stats:
job              count    min threads    max threads
-------------  -------  -------------  -------------
all                  1              1              1
produceBFromA        1              1              1
total                2              1              1

Select jobs to execute...

[Fri Sep 17 08:57:44 2021]
rule produceBFromA:
    input: ../results/A.txt
    output: ../results/B.txt
    jobid: 1
    resources: tmpdir=/var/folders/9n/xdj7z1gd3ps96j4nqzgkfd1h0000gq/T

[Fri Sep 17 08:57:44 2021]
Finished job 1.
1 of 2 steps (50%) done
Select jobs to execute...

[Fri Sep 17 08:57:44 2021]
localrule all:
    input: ../results/B.txt
    jobid: 0
    resources: tmpdir=/var/folders/9n/xdj7z1gd3ps96j4nqzgkfd1h0000gq/T

[Fri Sep 17 08:57:44 2021]
Finished job 0.
2 of 2 steps (100%) done
Complete log: /Users/pletzera/snakemake_examples/simple/workflow/.snakemake/log/2021-09-17T085744.220623.snakemake.log
